<?xml version="1.0" encoding="UTF-8"?>
<testExecutions version="1">
  <file path="/Users/mekari/Documents/personal/akademis/ppl/gitlab-cs/pajajaran-application/tests/pages/index.test.tsx">
    <testCase name="renders a title" duration="167"/>
  </file>
</testExecutions>